<?xml version="1.0" encoding="UTF-8"?>
<!-- Generated by org.testng.reporters.JUnitReportReporter -->
<testsuite hostname="DESKTOP-IV8G4J5" failures="0" tests="3" name="Module1_Test.Adactin_Test" time="9.496" errors="0" timestamp="2023-09-18T12:51:56 IST" skipped="0">
  <testcase classname="Module1_Test.Adactin_Test" name="verifyUserName" time="2.381"/>
  <testcase classname="Module1_Test.Adactin_Test" name="GetTitleOfApp" time="2.031"/>
  <testcase classname="Module1_Test.Adactin_Test" name="BookAHotel" time="5.084"/>
</testsuite> <!-- Module1_Test.Adactin_Test -->
